0 info it worked if it ends with ok
1 verbose cli [ 'c:\\Program Files\\nodejs\\node.exe',
1 verbose cli   'C:\\Users\\user\\AppData\\Roaming\\npm\\node_modules\\npm\\bin\\npm-cli.js',
1 verbose cli   'start' ]
2 info using npm@3.5.1
3 info using node@v4.4.5
4 verbose run-script [ 'prestart', 'start', 'poststart' ]
5 info lifecycle horoscopeBot@0.0.0~prestart: horoscopeBot@0.0.0
6 silly lifecycle horoscopeBot@0.0.0~prestart: no script for prestart, continuing
7 info lifecycle horoscopeBot@0.0.0~start: horoscopeBot@0.0.0
8 verbose lifecycle horoscopeBot@0.0.0~start: unsafe-perm in lifecycle true
9 verbose lifecycle horoscopeBot@0.0.0~start: PATH: C:\Users\user\AppData\Roaming\npm\node_modules\npm\bin\node-gyp-bin;c:\xampp\htdocs\chatbots\horoscopeBot\horoscopeBot\node_modules\.bin;c:\Users\user\bin;.;C:\Program Files\Git\local\bin;C:\Program Files\Git\mingw\bin;C:\Program Files\Git\bin;c:\WINDOWS\system32;c:\WINDOWS;c:\WINDOWS\system32\wbem;c:\Program Files\NVIDIA Corporation\PhysX\Common;c:\Program Files\Common Files\Microsoft Shared\Windows Live;c:\Program Files\Intel\iCLS Client;c:\Windows\System32\WindowsPowerShell\v1.0;c:\Program Files\Intel\OpenCL SDK\2.0\bin\x86;c:\Program Files\Intel\Intel(R) Management Engine Components\DAL;c:\Program Files\Intel\Intel(R) Management Engine Components\IPT;c:\Program Files\TortoiseHg;c:\Program Files\nodejs;c:\Program Files\Microsoft\Web Platform Installer;c:\Users\user\AppData\Roaming\npm;c:\Program Files\Windows Live\Shared;c:\Program Files\QuickTime\QTSystem;c:\xampp\php;c:\ProgramData\ComposerSetup\bin;C:\Program Files\Git\cmd;C:\Program Files\Git\bin;c:\WINDOWS\System32\Wbem;c:\WINDOWS\System32\WindowsPowerShell\v1.0\;c:\Program Files\Mercurial\;c:\HashiCorp\Vagrant\bin;c:\Go\src\netlify-git-api\main.go;c:\Program Files\nodejs\;c:\Program Files\Heroku\bin;c:\Ruby22\bin;c:\Program Files\Spiceworks\Nmap;c:\Users\user\AppData\Local\.meteor\;c:\Go\src\netlify-git-api\main.go;c:\Users\user\AppData\Local\Microsoft\WindowsApps;c:\Users\user\AppData\Roaming\npm;c:\Program Files\MongoDB\Server\3.2\bin
10 verbose lifecycle horoscopeBot@0.0.0~start: CWD: c:\xampp\htdocs\chatbots\horoscopeBot\horoscopeBot
11 silly lifecycle horoscopeBot@0.0.0~start: Args: [ '/d /s /c', 'node ./bin/www' ]
12 silly lifecycle horoscopeBot@0.0.0~start: Returned: code: 3221225786  signal: null
13 info lifecycle horoscopeBot@0.0.0~start: Failed to exec start script
14 verbose stack Error: horoscopeBot@0.0.0 start: `node ./bin/www`
14 verbose stack Exit status 3221225786
14 verbose stack     at EventEmitter.<anonymous> (C:\Users\user\AppData\Roaming\npm\node_modules\npm\lib\utils\lifecycle.js:232:16)
14 verbose stack     at emitTwo (events.js:87:13)
14 verbose stack     at EventEmitter.emit (events.js:172:7)
14 verbose stack     at ChildProcess.<anonymous> (C:\Users\user\AppData\Roaming\npm\node_modules\npm\lib\utils\spawn.js:24:14)
14 verbose stack     at emitTwo (events.js:87:13)
14 verbose stack     at ChildProcess.emit (events.js:172:7)
14 verbose stack     at maybeClose (internal/child_process.js:827:16)
14 verbose stack     at Process.ChildProcess._handle.onexit (internal/child_process.js:211:5)
15 verbose pkgid horoscopeBot@0.0.0
16 verbose cwd c:\xampp\htdocs\chatbots\horoscopeBot\horoscopeBot
17 error Windows_NT 10.0.14388
18 error argv "c:\\Program Files\\nodejs\\node.exe" "C:\\Users\\user\\AppData\\Roaming\\npm\\node_modules\\npm\\bin\\npm-cli.js" "start"
19 error node v4.4.5
20 error npm  v3.5.1
21 error code ELIFECYCLE
22 error horoscopeBot@0.0.0 start: `node ./bin/www`
22 error Exit status 3221225786
23 error Failed at the horoscopeBot@0.0.0 start script 'node ./bin/www'.
23 error Make sure you have the latest version of node.js and npm installed.
23 error If you do, this is most likely a problem with the horoscopeBot package,
23 error not with npm itself.
23 error Tell the author that this fails on your system:
23 error     node ./bin/www
23 error You can get information on how to open an issue for this project with:
23 error     npm bugs horoscopeBot
23 error Or if that isn't available, you can get their info via:
23 error     npm owner ls horoscopeBot
23 error There is likely additional logging output above.
24 verbose exit [ 1, true ]
